<?xml version="1.0" encoding="UTF-8"?>
<!-- Generated by org.testng.reporters.JUnitReportReporter -->
<testsuite hostname="DESKTOP-09M1ORE" failures="0" tests="2" name="driverFactory.AppTest" time="97.957" errors="0" timestamp="2025-02-24T10:02:55 IST" skipped="0">
  <testcase classname="driverFactory.AppTest" name="startTest" time="59.484">
    <system-out>
      <![CDATA[No of rows are::9
Login success
Incorrect user ID or password
Incorrect user ID or password
Login success
Login success
Incorrect user ID or password
Incorrect user ID or password
Login success
Incorrect user ID or password]]>
    </system-out>
  </testcase> <!-- startTest -->
  <testcase classname="driverFactory.AppTest" name="InvalidLogin" time="38.473">
    <system-out>
      <![CDATA[No of rows are::9]]>
    </system-out>
  </testcase> <!-- InvalidLogin -->
  <system-out>
    <![CDATA[No of rows are::9
Login success
Incorrect user ID or password
Incorrect user ID or password
Login success
Login success
Incorrect user ID or password
Incorrect user ID or password
Login success
Incorrect user ID or password
No of rows are::9]]>
  </system-out>
</testsuite> <!-- driverFactory.AppTest -->
