<?xml version="1.0" encoding="UTF-8"?>
<!-- Generated by org.testng.reporters.JUnitReportReporter -->
<testsuite hostname="DESKTOP-09M1ORE" failures="0" tests="7" name="testRunner.AppTest" time="173.439" errors="0" timestamp="15 Feb 2025 10:50:17 GMT" skipped="0">
  <testcase classname="testRunner.AppTest" name="runScenario" time="24.427"/>
  <testcase classname="testRunner.AppTest" name="runScenario" time="25.072"/>
  <testcase classname="testRunner.AppTest" name="runScenario" time="26.156"/>
  <testcase classname="testRunner.AppTest" name="runScenario" time="25.000"/>
  <testcase classname="testRunner.AppTest" name="runScenario" time="24.358"/>
  <testcase classname="testRunner.AppTest" name="runScenario" time="24.076"/>
  <testcase classname="testRunner.AppTest" name="runScenario" time="24.350"/>
</testsuite> <!-- testRunner.AppTest -->
